Started GET "/" for 127.0.0.1 at 2023-06-14 15:51:00 +0500
Processing by Rails::WelcomeController#index as HTML
  Rendering /opt/homebrew/lib/ruby/gems/3.2.0/gems/railties-7.0.5/lib/rails/templates/rails/welcome/index.html.erb
  Rendered /opt/homebrew/lib/ruby/gems/3.2.0/gems/railties-7.0.5/lib/rails/templates/rails/welcome/index.html.erb (Duration: 1.1ms | Allocations: 633)
Completed 200 OK in 13ms (Views: 3.5ms | ActiveRecord: 0.0ms | Allocations: 7362)


Started GET "/welcome/index" for 127.0.0.1 at 2023-06-14 16:13:30 +0500
Processing by WelcomeController#index as HTML
  Rendering layout layouts/application.html.erb
  Rendering welcome/index.html.erb within layouts/application
  Rendered welcome/index.html.erb within layouts/application (Duration: 0.2ms | Allocations: 106)
  Rendered layout layouts/application.html.erb (Duration: 1008.6ms | Allocations: 90561)
Completed 200 OK in 1010ms (Views: 1009.4ms | Allocations: 91518)


Started GET "/welcome/index" for 127.0.0.1 at 2023-06-14 16:14:41 +0500
  
ArgumentError (Missing :controller key on routes definition, please check your routes.):
  
config/routes.rb:6:in `block in <main>'
config/routes.rb:1:in `<main>'
Started GET "/index" for 127.0.0.1 at 2023-06-14 16:14:53 +0500
  
ActionController::RoutingError (No route matches [GET] "/index"):
  
Started GET "/" for 127.0.0.1 at 2023-06-14 16:15:18 +0500
Processing by Rails::WelcomeController#index as HTML
  Rendering /opt/homebrew/lib/ruby/gems/3.2.0/gems/railties-7.0.5/lib/rails/templates/rails/welcome/index.html.erb
  Rendered /opt/homebrew/lib/ruby/gems/3.2.0/gems/railties-7.0.5/lib/rails/templates/rails/welcome/index.html.erb (Duration: 1.0ms | Allocations: 271)
Completed 200 OK in 3ms (Views: 2.0ms | Allocations: 834)


Started GET "/" for 127.0.0.1 at 2023-06-14 16:15:32 +0500
  
ArgumentError (Missing :controller key on routes definition, please check your routes.):
  
config/routes.rb:6:in `block in <main>'
config/routes.rb:1:in `<main>'
Started GET "/" for 127.0.0.1 at 2023-06-14 16:15:33 +0500
  
ActionController::RoutingError (No route matches [GET] "/"):
  
Started GET "/" for 127.0.0.1 at 2023-06-14 16:15:40 +0500
Processing by Rails::WelcomeController#index as HTML
  Rendering /opt/homebrew/lib/ruby/gems/3.2.0/gems/railties-7.0.5/lib/rails/templates/rails/welcome/index.html.erb
  Rendered /opt/homebrew/lib/ruby/gems/3.2.0/gems/railties-7.0.5/lib/rails/templates/rails/welcome/index.html.erb (Duration: 0.1ms | Allocations: 13)
Completed 200 OK in 1ms (Views: 0.4ms | Allocations: 211)


Started GET "/index" for 127.0.0.1 at 2023-06-14 16:15:45 +0500
  
ActionController::RoutingError (No route matches [GET] "/index"):
  
Started GET "/root/index" for 127.0.0.1 at 2023-06-14 16:15:51 +0500
  
ActionController::RoutingError (uninitialized constant RootController):
  
Started GET "/welcome/index" for 127.0.0.1 at 2023-06-14 16:15:58 +0500
  
ActionController::RoutingError (No route matches [GET] "/welcome/index"):
  
Started GET "/welcome/index" for 127.0.0.1 at 2023-06-14 16:16:08 +0500
Processing by WelcomeController#index as HTML
  Rendering layout layouts/application.html.erb
  Rendering welcome/index.html.erb within layouts/application
  Rendered welcome/index.html.erb within layouts/application (Duration: 0.0ms | Allocations: 10)
  Rendered layout layouts/application.html.erb (Duration: 7.7ms | Allocations: 13287)
Completed 200 OK in 9ms (Views: 8.4ms | Allocations: 13805)


Started GET "/welcome/index" for 127.0.0.1 at 2023-06-14 16:18:24 +0500
  
SyntaxError (/Users/faheem/Desktop/RoR-Learning/rails-framework/student-management/config/routes.rb:6: syntax error, unexpected local variable or method, expecting `end' or dummy end
  get '/' to:'welcome#index'
          ^~
):
  
config/routes.rb:6: syntax error, unexpected local variable or method, expecting `end' or dummy end
config/routes.rb:6: syntax error, unexpected local variable or method, expecting `end' or dummy end
config/routes.rb:6: syntax error, unexpected local variable or method, expecting `end' or dummy end
Started GET "/welcome/index" for 127.0.0.1 at 2023-06-14 16:18:32 +0500
  
ActionController::RoutingError (No route matches [GET] "/welcome/index"):
  
Started GET "/welcome/index" for 127.0.0.1 at 2023-06-14 16:18:32 +0500
  
ActionController::RoutingError (No route matches [GET] "/welcome/index"):
  
Started GET "/welcome/index" for 127.0.0.1 at 2023-06-14 16:18:33 +0500
  
ActionController::RoutingError (No route matches [GET] "/welcome/index"):
  
Started GET "/" for 127.0.0.1 at 2023-06-14 16:18:42 +0500
Processing by WelcomeController#index as HTML
  Rendering layout layouts/application.html.erb
  Rendering welcome/index.html.erb within layouts/application
  Rendered welcome/index.html.erb within layouts/application (Duration: 0.0ms | Allocations: 10)
  Rendered layout layouts/application.html.erb (Duration: 10.2ms | Allocations: 13300)
Completed 200 OK in 12ms (Views: 11.1ms | Allocations: 13818)


  [1m[35m (1.3ms)[0m  [1m[35mCREATE TABLE "schema_migrations" ("version" varchar NOT NULL PRIMARY KEY)[0m
  [1m[35m (0.4ms)[0m  [1m[35mCREATE TABLE "ar_internal_metadata" ("key" varchar NOT NULL PRIMARY KEY, "value" varchar, "created_at" datetime(6) NOT NULL, "updated_at" datetime(6) NOT NULL)[0m
  [1m[36mActiveRecord::SchemaMigration Pluck (0.1ms)[0m  [1m[34mSELECT "schema_migrations"."version" FROM "schema_migrations" ORDER BY "schema_migrations"."version" ASC[0m
Migrating to CreateStudents (20230614142014)
  [1m[36mTRANSACTION (0.0ms)[0m  [1m[36mbegin transaction[0m
  [1m[35m (0.2ms)[0m  [1m[35mCREATE TABLE "students" ("id" integer PRIMARY KEY AUTOINCREMENT NOT NULL, "first_name" varchar, "last_name" varchar, "email" varchar, "created_at" datetime(6) NOT NULL, "updated_at" datetime(6) NOT NULL)[0m
  [1m[36mActiveRecord::SchemaMigration Create (0.1ms)[0m  [1m[32mINSERT INTO "schema_migrations" ("version") VALUES (?)[0m  [["version", "20230614142014"]]
  [1m[36mTRANSACTION (0.4ms)[0m  [1m[36mcommit transaction[0m
  [1m[36mActiveRecord::InternalMetadata Load (0.3ms)[0m  [1m[34mSELECT "ar_internal_metadata".* FROM "ar_internal_metadata" WHERE "ar_internal_metadata"."key" = ? LIMIT ?[0m  [["key", "environment"], ["LIMIT", 1]]
  [1m[36mTRANSACTION (0.0ms)[0m  [1m[36mbegin transaction[0m
  [1m[36mActiveRecord::InternalMetadata Create (0.1ms)[0m  [1m[32mINSERT INTO "ar_internal_metadata" ("key", "value", "created_at", "updated_at") VALUES (?, ?, ?, ?)[0m  [["key", "environment"], ["value", "development"], ["created_at", "2023-06-14 14:25:21.634413"], ["updated_at", "2023-06-14 14:25:21.634413"]]
  [1m[36mTRANSACTION (0.2ms)[0m  [1m[36mcommit transaction[0m
  [1m[36mActiveRecord::SchemaMigration Pluck (0.0ms)[0m  [1m[34mSELECT "schema_migrations"."version" FROM "schema_migrations" ORDER BY "schema_migrations"."version" ASC[0m
