Started GET "/" for 127.0.0.1 at 2023-06-08 00:10:00 +0500
Processing by Rails::WelcomeController#index as HTML
  Rendering /usr/local/lib/ruby/gems/3.2.0/gems/railties-7.0.5/lib/rails/templates/rails/welcome/index.html.erb
  Rendered /usr/local/lib/ruby/gems/3.2.0/gems/railties-7.0.5/lib/rails/templates/rails/welcome/index.html.erb (Duration: 20.7ms | Allocations: 633)
Completed 200 OK in 148ms (Views: 60.4ms | ActiveRecord: 0.0ms | Allocations: 7367)


Started GET "/" for ::1 at 2023-06-08 19:07:11 +0500
Processing by Rails::WelcomeController#index as HTML
  Rendering /usr/local/lib/ruby/gems/3.2.0/gems/railties-7.0.5/lib/rails/templates/rails/welcome/index.html.erb
  Rendered /usr/local/lib/ruby/gems/3.2.0/gems/railties-7.0.5/lib/rails/templates/rails/welcome/index.html.erb (Duration: 2.1ms | Allocations: 489)
Completed 200 OK in 20ms (Views: 5.7ms | ActiveRecord: 0.0ms | Allocations: 4230)


Started GET "/" for ::1 at 2023-06-08 19:07:13 +0500
Processing by Rails::WelcomeController#index as HTML
  Rendering /usr/local/lib/ruby/gems/3.2.0/gems/railties-7.0.5/lib/rails/templates/rails/welcome/index.html.erb
  Rendered /usr/local/lib/ruby/gems/3.2.0/gems/railties-7.0.5/lib/rails/templates/rails/welcome/index.html.erb (Duration: 0.8ms | Allocations: 273)
Completed 200 OK in 4ms (Views: 1.8ms | ActiveRecord: 0.0ms | Allocations: 907)


Started GET "/about" for ::1 at 2023-06-08 20:24:07 +0500
Processing by AboutController#index as HTML
Completed 406 Not Acceptable in 1ms (Allocations: 849)


  
ActionController::MissingExactTemplate (AboutController#index is missing a template for request formats: text/html):
  
actionpack (7.0.5) lib/action_controller/metal/implicit_render.rb:45:in `default_render'
actionpack (7.0.5) lib/action_controller/metal/basic_implicit_render.rb:7:in `send_action'
actionpack (7.0.5) lib/abstract_controller/base.rb:215:in `process_action'
actionpack (7.0.5) lib/action_controller/metal/rendering.rb:165:in `process_action'
actionpack (7.0.5) lib/abstract_controller/callbacks.rb:234:in `block in process_action'
activesupport (7.0.5) lib/active_support/callbacks.rb:118:in `block in run_callbacks'
actiontext (7.0.5) lib/action_text/rendering.rb:20:in `with_renderer'
actiontext (7.0.5) lib/action_text/engine.rb:69:in `block (4 levels) in <class:Engine>'
activesupport (7.0.5) lib/active_support/callbacks.rb:127:in `instance_exec'
activesupport (7.0.5) lib/active_support/callbacks.rb:127:in `block in run_callbacks'
activesupport (7.0.5) lib/active_support/callbacks.rb:138:in `run_callbacks'
actionpack (7.0.5) lib/abstract_controller/callbacks.rb:233:in `process_action'
actionpack (7.0.5) lib/action_controller/metal/rescue.rb:22:in `process_action'
actionpack (7.0.5) lib/action_controller/metal/instrumentation.rb:67:in `block in process_action'
activesupport (7.0.5) lib/active_support/notifications.rb:206:in `block in instrument'
activesupport (7.0.5) lib/active_support/notifications/instrumenter.rb:24:in `instrument'
activesupport (7.0.5) lib/active_support/notifications.rb:206:in `instrument'
actionpack (7.0.5) lib/action_controller/metal/instrumentation.rb:66:in `process_action'
actionpack (7.0.5) lib/action_controller/metal/params_wrapper.rb:259:in `process_action'
activerecord (7.0.5) lib/active_record/railties/controller_runtime.rb:27:in `process_action'
actionpack (7.0.5) lib/abstract_controller/base.rb:151:in `process'
actionview (7.0.5) lib/action_view/rendering.rb:39:in `process'
actionpack (7.0.5) lib/action_controller/metal.rb:188:in `dispatch'
actionpack (7.0.5) lib/action_controller/metal.rb:251:in `dispatch'
actionpack (7.0.5) lib/action_dispatch/routing/route_set.rb:49:in `dispatch'
actionpack (7.0.5) lib/action_dispatch/routing/route_set.rb:32:in `serve'
actionpack (7.0.5) lib/action_dispatch/journey/router.rb:50:in `block in serve'
actionpack (7.0.5) lib/action_dispatch/journey/router.rb:32:in `each'
actionpack (7.0.5) lib/action_dispatch/journey/router.rb:32:in `serve'
actionpack (7.0.5) lib/action_dispatch/routing/route_set.rb:852:in `call'
rack (2.2.7) lib/rack/tempfile_reaper.rb:15:in `call'
rack (2.2.7) lib/rack/etag.rb:27:in `call'
rack (2.2.7) lib/rack/conditional_get.rb:27:in `call'
rack (2.2.7) lib/rack/head.rb:12:in `call'
actionpack (7.0.5) lib/action_dispatch/http/permissions_policy.rb:38:in `call'
actionpack (7.0.5) lib/action_dispatch/http/content_security_policy.rb:36:in `call'
rack (2.2.7) lib/rack/session/abstract/id.rb:266:in `context'
rack (2.2.7) lib/rack/session/abstract/id.rb:260:in `call'
actionpack (7.0.5) lib/action_dispatch/middleware/cookies.rb:704:in `call'
activerecord (7.0.5) lib/active_record/migration.rb:603:in `call'
actionpack (7.0.5) lib/action_dispatch/middleware/callbacks.rb:27:in `block in call'
activesupport (7.0.5) lib/active_support/callbacks.rb:99:in `run_callbacks'
actionpack (7.0.5) lib/action_dispatch/middleware/callbacks.rb:26:in `call'
actionpack (7.0.5) lib/action_dispatch/middleware/executor.rb:14:in `call'
actionpack (7.0.5) lib/action_dispatch/middleware/actionable_exceptions.rb:17:in `call'
actionpack (7.0.5) lib/action_dispatch/middleware/debug_exceptions.rb:28:in `call'
web-console (4.2.0) lib/web_console/middleware.rb:132:in `call_app'
web-console (4.2.0) lib/web_console/middleware.rb:28:in `block in call'
web-console (4.2.0) lib/web_console/middleware.rb:17:in `catch'
web-console (4.2.0) lib/web_console/middleware.rb:17:in `call'
actionpack (7.0.5) lib/action_dispatch/middleware/show_exceptions.rb:26:in `call'
railties (7.0.5) lib/rails/rack/logger.rb:40:in `call_app'
railties (7.0.5) lib/rails/rack/logger.rb:25:in `block in call'
activesupport (7.0.5) lib/active_support/tagged_logging.rb:99:in `block in tagged'
activesupport (7.0.5) lib/active_support/tagged_logging.rb:37:in `tagged'
activesupport (7.0.5) lib/active_support/tagged_logging.rb:99:in `tagged'
railties (7.0.5) lib/rails/rack/logger.rb:25:in `call'
sprockets-rails (3.4.2) lib/sprockets/rails/quiet_assets.rb:13:in `call'
actionpack (7.0.5) lib/action_dispatch/middleware/remote_ip.rb:93:in `call'
actionpack (7.0.5) lib/action_dispatch/middleware/request_id.rb:26:in `call'
rack (2.2.7) lib/rack/method_override.rb:24:in `call'
rack (2.2.7) lib/rack/runtime.rb:22:in `call'
activesupport (7.0.5) lib/active_support/cache/strategy/local_cache_middleware.rb:29:in `call'
actionpack (7.0.5) lib/action_dispatch/middleware/server_timing.rb:61:in `block in call'
actionpack (7.0.5) lib/action_dispatch/middleware/server_timing.rb:26:in `collect_events'
actionpack (7.0.5) lib/action_dispatch/middleware/server_timing.rb:60:in `call'
actionpack (7.0.5) lib/action_dispatch/middleware/executor.rb:14:in `call'
actionpack (7.0.5) lib/action_dispatch/middleware/static.rb:23:in `call'
rack (2.2.7) lib/rack/sendfile.rb:110:in `call'
actionpack (7.0.5) lib/action_dispatch/middleware/host_authorization.rb:137:in `call'
railties (7.0.5) lib/rails/engine.rb:530:in `call'
puma (5.6.5) lib/puma/configuration.rb:252:in `call'
puma (5.6.5) lib/puma/request.rb:77:in `block in handle_request'
puma (5.6.5) lib/puma/thread_pool.rb:340:in `with_force_shutdown'
puma (5.6.5) lib/puma/request.rb:76:in `handle_request'
puma (5.6.5) lib/puma/server.rb:443:in `process_client'
puma (5.6.5) lib/puma/thread_pool.rb:147:in `block in spawn_thread'
Started GET "/about" for ::1 at 2023-06-08 20:25:11 +0500
Processing by AboutController#index as HTML
  Rendering layout layouts/application.html.erb
  Rendering about/index.html.erb within layouts/application
  Rendered about/index.html.erb within layouts/application (Duration: 0.8ms | Allocations: 105)
Started GET "/about" for ::1 at 2023-06-08 20:25:13 +0500
Processing by AboutController#index as HTML
  Rendering layout layouts/application.html.erb
  Rendering about/index.html.erb within layouts/application
  Rendered about/index.html.erb within layouts/application (Duration: 0.0ms | Allocations: 7)
  Rendered layout layouts/application.html.erb (Duration: 2194.9ms | Allocations: 126842)
  Rendered layout layouts/application.html.erb (Duration: 112.4ms | Allocations: 54676)
Completed 200 OK in 2198ms (Views: 2197.2ms | Allocations: 127955)


Completed 200 OK in 116ms (Views: 113.2ms | Allocations: 56450)


Started GET "/about" for ::1 at 2023-06-08 20:35:12 +0500
Processing by AboutController#index as HTML
  Rendering layout layouts/application.html.erb
  Rendering about/index.html.erb within layouts/application
  Rendered about/index.html.erb within layouts/application (Duration: 0.4ms | Allocations: 108)
  Rendered layout layouts/application.html.erb (Duration: 14.4ms | Allocations: 13382)
Completed 200 OK in 17ms (Views: 16.1ms | Allocations: 14277)


Started GET "/about" for ::1 at 2023-06-08 20:35:21 +0500
Processing by AboutController#index as HTML
  Rendering layout layouts/application.html.erb
  Rendering about/index.html.erb within layouts/application
  Rendered about/index.html.erb within layouts/application (Duration: 0.0ms | Allocations: 7)
  Rendered layout layouts/application.html.erb (Duration: 4.0ms | Allocations: 2266)
Completed 200 OK in 5ms (Views: 4.5ms | Allocations: 2523)


Started GET "/about" for ::1 at 2023-06-08 20:35:22 +0500
Processing by AboutController#index as HTML
  Rendering layout layouts/application.html.erb
  Rendering about/index.html.erb within layouts/application
  Rendered about/index.html.erb within layouts/application (Duration: 0.0ms | Allocations: 7)
  Rendered layout layouts/application.html.erb (Duration: 4.5ms | Allocations: 2273)
Completed 200 OK in 6ms (Views: 4.9ms | Allocations: 2533)


Started GET "/about" for ::1 at 2023-06-08 20:35:22 +0500
Processing by AboutController#index as HTML
  Rendering layout layouts/application.html.erb
  Rendering about/index.html.erb within layouts/application
  Rendered about/index.html.erb within layouts/application (Duration: 0.0ms | Allocations: 7)
  Rendered layout layouts/application.html.erb (Duration: 3.8ms | Allocations: 2272)
Completed 200 OK in 5ms (Views: 4.2ms | Allocations: 2529)


Started GET "/about" for ::1 at 2023-06-08 20:35:22 +0500
Processing by AboutController#index as HTML
  Rendering layout layouts/application.html.erb
  Rendering about/index.html.erb within layouts/application
  Rendered about/index.html.erb within layouts/application (Duration: 0.0ms | Allocations: 7)
  Rendered layout layouts/application.html.erb (Duration: 3.6ms | Allocations: 2275)
Completed 200 OK in 5ms (Views: 4.0ms | Allocations: 2532)


Started GET "/about" for ::1 at 2023-06-08 20:35:25 +0500
Processing by AboutController#index as HTML
  Rendering layout layouts/application.html.erb
  Rendering about/index.html.erb within layouts/application
  Rendered about/index.html.erb within layouts/application (Duration: 0.0ms | Allocations: 7)
  Rendered layout layouts/application.html.erb (Duration: 3.7ms | Allocations: 2275)
Completed 200 OK in 5ms (Views: 4.1ms | Allocations: 2532)


Started GET "/about" for ::1 at 2023-06-08 20:35:26 +0500
Processing by AboutController#index as HTML
  Rendering layout layouts/application.html.erb
  Rendering about/index.html.erb within layouts/application
  Rendered about/index.html.erb within layouts/application (Duration: 0.0ms | Allocations: 7)
  Rendered layout layouts/application.html.erb (Duration: 4.0ms | Allocations: 2269)
Completed 200 OK in 5ms (Views: 4.5ms | Allocations: 2526)


Started GET "/about" for ::1 at 2023-06-08 20:35:26 +0500
Processing by AboutController#index as HTML
  Rendering layout layouts/application.html.erb
  Rendering about/index.html.erb within layouts/application
  Rendered about/index.html.erb within layouts/application (Duration: 0.1ms | Allocations: 7)
  Rendered layout layouts/application.html.erb (Duration: 3.8ms | Allocations: 2281)
Completed 200 OK in 5ms (Views: 4.3ms | Allocations: 2538)


Started GET "/about" for ::1 at 2023-06-08 20:35:46 +0500
Processing by AboutController#index as HTML
  Rendering layout layouts/application.html.erb
  Rendering about/index.html.erb within layouts/application
  Rendered about/index.html.erb within layouts/application (Duration: 0.2ms | Allocations: 7)
  Rendered layout layouts/application.html.erb (Duration: 5.2ms | Allocations: 2257)
Completed 200 OK in 7ms (Views: 5.8ms | Allocations: 2514)


Started GET "/" for ::1 at 2023-06-08 20:35:50 +0500
Processing by MainController#index as HTML
  Rendering layout layouts/application.html.erb
  Rendering main/index.html.erb within layouts/application
  Rendered main/index.html.erb within layouts/application (Duration: 0.5ms | Allocations: 104)
  Rendered layout layouts/application.html.erb (Duration: 3.8ms | Allocations: 2451)
Completed 200 OK in 7ms (Views: 5.8ms | Allocations: 3087)


Started GET "/" for ::1 at 2023-06-08 20:36:15 +0500
Processing by MainController#index as HTML
  Rendering layout layouts/application.html.erb
  Rendering main/index.html.erb within layouts/application
  Rendered main/index.html.erb within layouts/application (Duration: 0.4ms | Allocations: 104)
  Rendered layout layouts/application.html.erb (Duration: 5.2ms | Allocations: 2640)
Completed 200 OK in 8ms (Views: 7.0ms | Allocations: 3447)


Started GET "/" for ::1 at 2023-06-08 22:01:10 +0500
Processing by MainController#index as HTML
  Rendering layout layouts/application.html.erb
  Rendering main/index.html.erb within layouts/application
  Rendered main/index.html.erb within layouts/application (Duration: 0.4ms | Allocations: 119)
  Rendered layout layouts/application.html.erb (Duration: 8.4ms | Allocations: 2672)
Completed 200 OK in 15ms (Views: 13.7ms | Allocations: 3481)


Started GET "/about" for ::1 at 2023-06-08 22:12:06 +0500
Processing by AboutController#index as HTML
  Rendering layout layouts/application.html.erb
  Rendering about/index.html.erb within layouts/application
  Rendered about/index.html.erb within layouts/application (Duration: 0.7ms | Allocations: 102)
  Rendered layout layouts/application.html.erb (Duration: 6.4ms | Allocations: 2439)
Completed 200 OK in 10ms (Views: 7.8ms | Allocations: 2996)


Started GET "/about" for ::1 at 2023-06-08 22:12:08 +0500
Processing by AboutController#index as HTML
  Rendering layout layouts/application.html.erb
  Rendering about/index.html.erb within layouts/application
  Rendered about/index.html.erb within layouts/application (Duration: 0.0ms | Allocations: 7)
  Rendered layout layouts/application.html.erb (Duration: 3.2ms | Allocations: 2275)
Completed 200 OK in 4ms (Views: 3.6ms | Allocations: 2533)


Started GET "/about" for ::1 at 2023-06-08 22:12:08 +0500
Processing by AboutController#index as HTML
  Rendering layout layouts/application.html.erb
  Rendering about/index.html.erb within layouts/application
  Rendered about/index.html.erb within layouts/application (Duration: 0.0ms | Allocations: 7)
  Rendered layout layouts/application.html.erb (Duration: 3.7ms | Allocations: 2263)
Completed 200 OK in 5ms (Views: 4.1ms | Allocations: 2520)


Started GET "/" for ::1 at 2023-06-08 22:13:50 +0500
Processing by MainController#index as HTML
  Rendering layout layouts/application.html.erb
  Rendering main/index.html.erb within layouts/application
  Rendered main/index.html.erb within layouts/application (Duration: 0.7ms | Allocations: 116)
  Rendered layout layouts/application.html.erb (Duration: 7.0ms | Allocations: 2649)
Completed 200 OK in 11ms (Views: 10.2ms | Allocations: 3460)


Started GET "/" for ::1 at 2023-06-08 22:13:51 +0500
Processing by MainController#index as HTML
  Rendering layout layouts/application.html.erb
  Rendering main/index.html.erb within layouts/application
  Rendered main/index.html.erb within layouts/application (Duration: 0.0ms | Allocations: 7)
  Rendered layout layouts/application.html.erb (Duration: 2.7ms | Allocations: 2275)
Completed 200 OK in 4ms (Views: 3.2ms | Allocations: 2533)


Started GET "/about" for ::1 at 2023-06-08 22:13:56 +0500
Processing by AboutController#index as HTML
  Rendering layout layouts/application.html.erb
  Rendering about/index.html.erb within layouts/application
  Rendered about/index.html.erb within layouts/application (Duration: 0.9ms | Allocations: 102)
  Rendered layout layouts/application.html.erb (Duration: 4.4ms | Allocations: 2466)
Completed 200 OK in 7ms (Views: 6.0ms | Allocations: 3023)


Started GET "/about" for ::1 at 2023-06-08 22:13:56 +0500
Processing by AboutController#index as HTML
  Rendering layout layouts/application.html.erb
  Rendering about/index.html.erb within layouts/application
  Rendered about/index.html.erb within layouts/application (Duration: 0.0ms | Allocations: 7)
  Rendered layout layouts/application.html.erb (Duration: 5.5ms | Allocations: 2287)
Completed 200 OK in 8ms (Views: 5.9ms | Allocations: 2545)


Started GET "/about" for ::1 at 2023-06-08 22:13:57 +0500
Processing by AboutController#index as HTML
  Rendering layout layouts/application.html.erb
  Rendering about/index.html.erb within layouts/application
  Rendered about/index.html.erb within layouts/application (Duration: 0.0ms | Allocations: 7)
  Rendered layout layouts/application.html.erb (Duration: 15.6ms | Allocations: 2290)
Completed 200 OK in 30ms (Views: 16.1ms | Allocations: 2548)


Started GET "/about" for ::1 at 2023-06-08 22:13:57 +0500
Processing by AboutController#index as HTML
  Rendering layout layouts/application.html.erb
  Rendering about/index.html.erb within layouts/application
  Rendered about/index.html.erb within layouts/application (Duration: 0.0ms | Allocations: 7)
  Rendered layout layouts/application.html.erb (Duration: 4.1ms | Allocations: 2260)
Completed 200 OK in 5ms (Views: 4.6ms | Allocations: 2517)


Started GET "/about" for ::1 at 2023-06-08 22:13:57 +0500
Processing by AboutController#index as HTML
  Rendering layout layouts/application.html.erb
  Rendering about/index.html.erb within layouts/application
  Rendered about/index.html.erb within layouts/application (Duration: 0.1ms | Allocations: 7)
  Rendered layout layouts/application.html.erb (Duration: 4.8ms | Allocations: 2272)
Completed 200 OK in 6ms (Views: 5.4ms | Allocations: 2529)


Started GET "/about" for ::1 at 2023-06-08 22:14:15 +0500
Processing by AboutController#index as HTML
  Rendering layout layouts/application.html.erb
  Rendering about/index.html.erb within layouts/application
  Rendered about/index.html.erb within layouts/application (Duration: 0.5ms | Allocations: 103)
  Rendered layout layouts/application.html.erb (Duration: 4.3ms | Allocations: 2648)
Completed 200 OK in 7ms (Views: 6.3ms | Allocations: 3455)


Started GET "/" for ::1 at 2023-06-08 22:24:27 +0500
Processing by MainController#index as HTML
  Rendering layout layouts/application.html.erb
  Rendering main/index.html.erb within layouts/application
  Rendered main/index.html.erb within layouts/application (Duration: 0.8ms | Allocations: 115)
  Rendered shared/_navbar.html.erb (Duration: 0.4ms | Allocations: 117)
  Rendered layout layouts/application.html.erb (Duration: 8.5ms | Allocations: 2929)
Completed 200 OK in 14ms (Views: 11.7ms | Allocations: 3736)


Started GET "/" for ::1 at 2023-06-08 22:24:29 +0500
Processing by MainController#index as HTML
  Rendering layout layouts/application.html.erb
  Rendering main/index.html.erb within layouts/application
  Rendered main/index.html.erb within layouts/application (Duration: 0.0ms | Allocations: 7)
  Rendered shared/_navbar.html.erb (Duration: 0.0ms | Allocations: 9)
  Rendered layout layouts/application.html.erb (Duration: 4.0ms | Allocations: 2327)
Completed 200 OK in 5ms (Views: 4.4ms | Allocations: 2587)


Started GET "/about" for ::1 at 2023-06-08 22:24:30 +0500
Processing by AboutController#index as HTML
  Rendering layout layouts/application.html.erb
  Rendering about/index.html.erb within layouts/application
  Rendered about/index.html.erb within layouts/application (Duration: 0.9ms | Allocations: 102)
  Rendered shared/_navbar.html.erb (Duration: 0.0ms | Allocations: 11)
  Rendered layout layouts/application.html.erb (Duration: 5.1ms | Allocations: 2525)
Completed 200 OK in 7ms (Views: 6.6ms | Allocations: 3085)


Started GET "/" for ::1 at 2023-06-08 22:24:31 +0500
Processing by MainController#index as HTML
  Rendering layout layouts/application.html.erb
  Rendering main/index.html.erb within layouts/application
  Rendered main/index.html.erb within layouts/application (Duration: 0.1ms | Allocations: 7)
  Rendered shared/_navbar.html.erb (Duration: 0.0ms | Allocations: 9)
  Rendered layout layouts/application.html.erb (Duration: 4.5ms | Allocations: 2345)
Completed 200 OK in 6ms (Views: 5.3ms | Allocations: 2605)


Started GET "/" for ::1 at 2023-06-08 22:24:31 +0500
Processing by MainController#index as HTML
  Rendering layout layouts/application.html.erb
  Rendering main/index.html.erb within layouts/application
  Rendered main/index.html.erb within layouts/application (Duration: 0.0ms | Allocations: 7)
  Rendered shared/_navbar.html.erb (Duration: 0.0ms | Allocations: 9)
  Rendered layout layouts/application.html.erb (Duration: 8.0ms | Allocations: 2340)
Completed 200 OK in 9ms (Views: 8.4ms | Allocations: 2600)


Started GET "/" for ::1 at 2023-06-08 22:24:32 +0500
Processing by MainController#index as HTML
  Rendering layout layouts/application.html.erb
  Rendering main/index.html.erb within layouts/application
  Rendered main/index.html.erb within layouts/application (Duration: 0.0ms | Allocations: 7)
  Rendered shared/_navbar.html.erb (Duration: 0.0ms | Allocations: 9)
  Rendered layout layouts/application.html.erb (Duration: 4.7ms | Allocations: 2346)
Completed 200 OK in 6ms (Views: 5.2ms | Allocations: 2606)


Started GET "/about" for ::1 at 2023-06-08 22:24:32 +0500
Processing by AboutController#index as HTML
  Rendering layout layouts/application.html.erb
  Rendering about/index.html.erb within layouts/application
  Rendered about/index.html.erb within layouts/application (Duration: 0.0ms | Allocations: 7)
  Rendered shared/_navbar.html.erb (Duration: 0.0ms | Allocations: 9)
  Rendered layout layouts/application.html.erb (Duration: 4.7ms | Allocations: 2333)
Completed 200 OK in 6ms (Views: 5.1ms | Allocations: 2593)


Started GET "/" for ::1 at 2023-06-08 22:24:33 +0500
Processing by MainController#index as HTML
  Rendering layout layouts/application.html.erb
  Rendering main/index.html.erb within layouts/application
  Rendered main/index.html.erb within layouts/application (Duration: 0.0ms | Allocations: 7)
  Rendered shared/_navbar.html.erb (Duration: 0.0ms | Allocations: 9)
  Rendered layout layouts/application.html.erb (Duration: 5.0ms | Allocations: 2344)
Completed 200 OK in 6ms (Views: 5.7ms | Allocations: 2603)


Started GET "/" for ::1 at 2023-06-08 22:24:33 +0500
Processing by MainController#index as HTML
  Rendering layout layouts/application.html.erb
  Rendering main/index.html.erb within layouts/application
  Rendered main/index.html.erb within layouts/application (Duration: 0.0ms | Allocations: 7)
  Rendered shared/_navbar.html.erb (Duration: 0.0ms | Allocations: 9)
  Rendered layout layouts/application.html.erb (Duration: 3.8ms | Allocations: 2330)
Completed 200 OK in 5ms (Views: 4.2ms | Allocations: 2589)


Started GET "/about" for ::1 at 2023-06-08 22:24:34 +0500
Processing by AboutController#index as HTML
  Rendering layout layouts/application.html.erb
  Rendering about/index.html.erb within layouts/application
  Rendered about/index.html.erb within layouts/application (Duration: 0.1ms | Allocations: 7)
  Rendered shared/_navbar.html.erb (Duration: 0.0ms | Allocations: 9)
  Rendered layout layouts/application.html.erb (Duration: 4.1ms | Allocations: 2352)
Completed 200 OK in 5ms (Views: 4.5ms | Allocations: 2611)


Started GET "/" for ::1 at 2023-06-08 22:24:34 +0500
Processing by MainController#index as HTML
  Rendering layout layouts/application.html.erb
  Rendering main/index.html.erb within layouts/application
  Rendered main/index.html.erb within layouts/application (Duration: 0.0ms | Allocations: 7)
  Rendered shared/_navbar.html.erb (Duration: 0.1ms | Allocations: 9)
  Rendered layout layouts/application.html.erb (Duration: 4.0ms | Allocations: 2321)
Completed 200 OK in 5ms (Views: 4.5ms | Allocations: 2580)


Started GET "/" for ::1 at 2023-06-09 01:03:40 +0500
Processing by MainController#index as HTML
  Rendering layout layouts/application.html.erb
  Rendering main/index.html.erb within layouts/application
  Rendered main/index.html.erb within layouts/application (Duration: 0.0ms | Allocations: 7)
  Rendered shared/_navbar.html.erb (Duration: 0.1ms | Allocations: 9)
  Rendered layout layouts/application.html.erb (Duration: 5.9ms | Allocations: 2348)
Completed 200 OK in 7ms (Views: 6.3ms | Allocations: 2606)


Started GET "/about" for ::1 at 2023-06-09 01:07:47 +0500
Processing by AboutController#index as HTML
  Rendering layout layouts/application.html.erb
  Rendering about/index.html.erb within layouts/application
  Rendered about/index.html.erb within layouts/application (Duration: 0.0ms | Allocations: 7)
  Rendered shared/_navbar.html.erb (Duration: 0.0ms | Allocations: 9)
  Rendered layout layouts/application.html.erb (Duration: 4.3ms | Allocations: 2342)
Completed 200 OK in 6ms (Views: 4.8ms | Allocations: 2599)


Started GET "/about" for ::1 at 2023-06-09 01:07:48 +0500
Processing by AboutController#index as HTML
  Rendering layout layouts/application.html.erb
  Rendering about/index.html.erb within layouts/application
  Rendered about/index.html.erb within layouts/application (Duration: 0.0ms | Allocations: 7)
  Rendered shared/_navbar.html.erb (Duration: 0.0ms | Allocations: 9)
  Rendered layout layouts/application.html.erb (Duration: 4.4ms | Allocations: 2330)
Completed 200 OK in 5ms (Views: 4.8ms | Allocations: 2587)


Started GET "/about" for ::1 at 2023-06-09 01:07:48 +0500
Processing by AboutController#index as HTML
  Rendering layout layouts/application.html.erb
  Rendering about/index.html.erb within layouts/application
  Rendered about/index.html.erb within layouts/application (Duration: 0.0ms | Allocations: 7)
  Rendered shared/_navbar.html.erb (Duration: 0.0ms | Allocations: 9)
  Rendered layout layouts/application.html.erb (Duration: 3.3ms | Allocations: 2351)
Completed 200 OK in 4ms (Views: 3.6ms | Allocations: 2608)


Started GET "/" for ::1 at 2023-06-09 01:07:49 +0500
Processing by MainController#index as HTML
  Rendering layout layouts/application.html.erb
  Rendering main/index.html.erb within layouts/application
  Rendered main/index.html.erb within layouts/application (Duration: 0.0ms | Allocations: 7)
  Rendered shared/_navbar.html.erb (Duration: 0.0ms | Allocations: 9)
  Rendered layout layouts/application.html.erb (Duration: 4.1ms | Allocations: 2333)
Completed 200 OK in 5ms (Views: 4.6ms | Allocations: 2592)


Started GET "/about" for ::1 at 2023-06-09 01:07:50 +0500
Processing by AboutController#index as HTML
  Rendering layout layouts/application.html.erb
  Rendering about/index.html.erb within layouts/application
  Rendered about/index.html.erb within layouts/application (Duration: 0.1ms | Allocations: 7)
  Rendered shared/_navbar.html.erb (Duration: 0.0ms | Allocations: 9)
  Rendered layout layouts/application.html.erb (Duration: 5.7ms | Allocations: 2321)
Completed 200 OK in 7ms (Views: 6.3ms | Allocations: 2580)


Started GET "/about" for ::1 at 2023-06-09 01:07:51 +0500
Processing by AboutController#index as HTML
  Rendering layout layouts/application.html.erb
  Rendering about/index.html.erb within layouts/application
  Rendered about/index.html.erb within layouts/application (Duration: 0.0ms | Allocations: 7)
  Rendered shared/_navbar.html.erb (Duration: 0.0ms | Allocations: 9)
  Rendered layout layouts/application.html.erb (Duration: 4.2ms | Allocations: 2339)
Completed 200 OK in 5ms (Views: 4.6ms | Allocations: 2598)


Started GET "/" for ::1 at 2023-06-09 01:07:51 +0500
Processing by MainController#index as HTML
  Rendering layout layouts/application.html.erb
  Rendering main/index.html.erb within layouts/application
  Rendered main/index.html.erb within layouts/application (Duration: 0.0ms | Allocations: 7)
  Rendered shared/_navbar.html.erb (Duration: 0.0ms | Allocations: 9)
  Rendered layout layouts/application.html.erb (Duration: 5.0ms | Allocations: 2336)
Completed 200 OK in 6ms (Views: 5.5ms | Allocations: 2595)


Started GET "/about" for ::1 at 2023-06-09 01:07:52 +0500
Processing by AboutController#index as HTML
  Rendering layout layouts/application.html.erb
  Rendering about/index.html.erb within layouts/application
  Rendered about/index.html.erb within layouts/application (Duration: 0.1ms | Allocations: 7)
  Rendered shared/_navbar.html.erb (Duration: 0.0ms | Allocations: 9)
  Rendered layout layouts/application.html.erb (Duration: 3.5ms | Allocations: 2366)
Completed 200 OK in 5ms (Views: 3.9ms | Allocations: 2625)


Started GET "/" for ::1 at 2023-06-09 01:07:53 +0500
Processing by MainController#index as HTML
  Rendering layout layouts/application.html.erb
  Rendering main/index.html.erb within layouts/application
  Rendered main/index.html.erb within layouts/application (Duration: 0.0ms | Allocations: 7)
  Rendered shared/_navbar.html.erb (Duration: 0.0ms | Allocations: 9)
  Rendered layout layouts/application.html.erb (Duration: 5.5ms | Allocations: 2342)
Completed 200 OK in 7ms (Views: 6.3ms | Allocations: 2601)


Started GET "/" for ::1 at 2023-06-09 01:07:53 +0500
Processing by MainController#index as HTML
  Rendering layout layouts/application.html.erb
  Rendering main/index.html.erb within layouts/application
  Rendered main/index.html.erb within layouts/application (Duration: 0.0ms | Allocations: 7)
  Rendered shared/_navbar.html.erb (Duration: 0.0ms | Allocations: 9)
  Rendered layout layouts/application.html.erb (Duration: 5.0ms | Allocations: 2340)
Completed 200 OK in 6ms (Views: 5.5ms | Allocations: 2600)


Started GET "/" for ::1 at 2023-06-09 01:07:54 +0500
Processing by MainController#index as HTML
  Rendering layout layouts/application.html.erb
  Rendering main/index.html.erb within layouts/application
  Rendered main/index.html.erb within layouts/application (Duration: 0.0ms | Allocations: 7)
  Rendered shared/_navbar.html.erb (Duration: 0.0ms | Allocations: 9)
  Rendered layout layouts/application.html.erb (Duration: 5.3ms | Allocations: 2352)
Completed 200 OK in 6ms (Views: 5.7ms | Allocations: 2612)


Started GET "/about" for ::1 at 2023-06-09 01:07:54 +0500
Processing by AboutController#index as HTML
  Rendering layout layouts/application.html.erb
  Rendering about/index.html.erb within layouts/application
  Rendered about/index.html.erb within layouts/application (Duration: 0.0ms | Allocations: 7)
  Rendered shared/_navbar.html.erb (Duration: 0.0ms | Allocations: 9)
  Rendered layout layouts/application.html.erb (Duration: 4.6ms | Allocations: 2336)
Completed 200 OK in 6ms (Views: 5.1ms | Allocations: 2595)


Started GET "/" for 127.0.0.1 at 2023-06-09 15:46:24 +0500
Processing by MainController#index as HTML
  Rendering layout layouts/application.html.erb
  Rendering main/index.html.erb within layouts/application
  Rendered main/index.html.erb within layouts/application (Duration: 2.1ms | Allocations: 305)
  Rendered shared/_navbar.html.erb (Duration: 1.9ms | Allocations: 1501)
  Rendered layout layouts/application.html.erb (Duration: 70.8ms | Allocations: 36060)
Completed 500 Internal Server Error in 94ms (ActiveRecord: 0.0ms | Allocations: 39921)


  
ActionView::SyntaxErrorInTemplate (Encountered a syntax error while rendering template: check <nav class="navbar navbar-expand-lg bg-body-tertiary">
  <div class="container-fluid">
    <a class="navbar-brand" href="/">Navbar</a>
    <button class="navbar-toggler" type="button" data-bs-toggle="collapse" data-bs-target="#navbarNavAltMarkup" aria-controls="navbarNavAltMarkup" aria-expanded="false" aria-label="Toggle navigation">
      <span class="navbar-toggler-icon"></span>
    </button>
    <div class="collapse navbar-collapse" id="navbarNavAltMarkup">
      <div class="navbar-nav">
        <a class="nav-link active" aria-current="page" href="/">Home</a>
        <%= link_to 'About', about_path, class='nav-link' %>
      </div>
    </div>
  </div>
</nav>
):
1:    <nav class="navbar navbar-expand-lg bg-body-tertiary">
2:      <div class="container-fluid">
3:        <a class="navbar-brand" href="/">Navbar</a>
4:        <button class="navbar-toggler" type="button" data-bs-toggle="collapse" data-bs-target="#navbarNavAltMarkup" aria-controls="navbarNavAltMarkup" aria-expanded="false" aria-label="Toggle navigation">
5:          <span class="navbar-toggler-icon"></span>
6:        </button>
7:        <div class="collapse navbar-collapse" id="navbarNavAltMarkup">
8:          <div class="navbar-nav">
9:            <a class="nav-link active" aria-current="page" href="/">Home</a>
10:            <%= link_to 'About', about_path, class='nav-link' %>
11:          </div>
12:        </div>
13:      </div>
14:    </nav>
  
app/views/shared/_navbar.html.erb:10: syntax error, unexpected '='
app/views/shared/_navbar.html.erb:10: syntax error, unexpected '='
app/views/shared/_navbar.html.erb:10: syntax error, unexpected '='
app/views/shared/_navbar.html.erb:10: syntax error, unexpected '='
app/views/shared/_navbar.html.erb:10: syntax error, unexpected '='
app/views/shared/_navbar.html.erb:10: syntax error, unexpected '='
app/views/layouts/application.html.erb:15
Started GET "/" for 127.0.0.1 at 2023-06-09 15:46:48 +0500
Processing by MainController#index as HTML
  Rendering layout layouts/application.html.erb
  Rendering main/index.html.erb within layouts/application
  Rendered main/index.html.erb within layouts/application (Duration: 0.6ms | Allocations: 115)
  Rendered shared/_navbar.html.erb (Duration: 0.7ms | Allocations: 266)
  Rendered layout layouts/application.html.erb (Duration: 6.4ms | Allocations: 2997)
Completed 200 OK in 10ms (Views: 8.5ms | ActiveRecord: 0.0ms | Allocations: 3855)


Started GET "/about" for 127.0.0.1 at 2023-06-09 15:46:49 +0500
Processing by AboutController#index as HTML
  Rendering layout layouts/application.html.erb
  Rendering about/index.html.erb within layouts/application
  Rendered about/index.html.erb within layouts/application (Duration: 1.0ms | Allocations: 109)
  Rendered shared/_navbar.html.erb (Duration: 0.2ms | Allocations: 79)
  Rendered layout layouts/application.html.erb (Duration: 5.3ms | Allocations: 2654)
Completed 200 OK in 8ms (Views: 6.8ms | ActiveRecord: 0.0ms | Allocations: 3299)


Started GET "/" for 127.0.0.1 at 2023-06-09 15:46:50 +0500
Processing by MainController#index as HTML
  Rendering layout layouts/application.html.erb
  Rendering main/index.html.erb within layouts/application
  Rendered main/index.html.erb within layouts/application (Duration: 0.0ms | Allocations: 7)
  Rendered shared/_navbar.html.erb (Duration: 0.1ms | Allocations: 56)
  Rendered layout layouts/application.html.erb (Duration: 5.1ms | Allocations: 2377)
Completed 200 OK in 6ms (Views: 5.6ms | ActiveRecord: 0.0ms | Allocations: 2640)


Started GET "/" for 127.0.0.1 at 2023-06-09 15:46:51 +0500
Processing by MainController#index as HTML
  Rendering layout layouts/application.html.erb
  Rendering main/index.html.erb within layouts/application
  Rendered main/index.html.erb within layouts/application (Duration: 0.0ms | Allocations: 7)
  Rendered shared/_navbar.html.erb (Duration: 0.2ms | Allocations: 56)
  Rendered layout layouts/application.html.erb (Duration: 5.0ms | Allocations: 2386)
Completed 200 OK in 6ms (Views: 5.5ms | ActiveRecord: 0.0ms | Allocations: 2645)


Started GET "/about" for 127.0.0.1 at 2023-06-09 15:46:51 +0500
Processing by AboutController#index as HTML
  Rendering layout layouts/application.html.erb
  Rendering about/index.html.erb within layouts/application
  Rendered about/index.html.erb within layouts/application (Duration: 0.0ms | Allocations: 7)
  Rendered shared/_navbar.html.erb (Duration: 0.2ms | Allocations: 56)
  Rendered layout layouts/application.html.erb (Duration: 5.3ms | Allocations: 2377)
Completed 200 OK in 7ms (Views: 5.9ms | ActiveRecord: 0.0ms | Allocations: 2638)


Started GET "/" for 127.0.0.1 at 2023-06-09 15:46:51 +0500
Processing by MainController#index as HTML
  Rendering layout layouts/application.html.erb
  Rendering main/index.html.erb within layouts/application
  Rendered main/index.html.erb within layouts/application (Duration: 0.0ms | Allocations: 7)
  Rendered shared/_navbar.html.erb (Duration: 0.2ms | Allocations: 56)
  Rendered layout layouts/application.html.erb (Duration: 4.5ms | Allocations: 2370)
Completed 200 OK in 6ms (Views: 5.0ms | ActiveRecord: 0.0ms | Allocations: 2629)


Started GET "/about" for 127.0.0.1 at 2023-06-09 15:46:52 +0500
Processing by AboutController#index as HTML
  Rendering layout layouts/application.html.erb
  Rendering about/index.html.erb within layouts/application
  Rendered about/index.html.erb within layouts/application (Duration: 0.0ms | Allocations: 7)
  Rendered shared/_navbar.html.erb (Duration: 0.2ms | Allocations: 56)
  Rendered layout layouts/application.html.erb (Duration: 5.3ms | Allocations: 2382)
Completed 200 OK in 6ms (Views: 5.8ms | ActiveRecord: 0.0ms | Allocations: 2641)


Started GET "/" for 127.0.0.1 at 2023-06-09 15:46:53 +0500
Processing by MainController#index as HTML
  Rendering layout layouts/application.html.erb
  Rendering main/index.html.erb within layouts/application
  Rendered main/index.html.erb within layouts/application (Duration: 0.0ms | Allocations: 7)
  Rendered shared/_navbar.html.erb (Duration: 0.1ms | Allocations: 56)
  Rendered layout layouts/application.html.erb (Duration: 4.3ms | Allocations: 2397)
Completed 200 OK in 5ms (Views: 4.8ms | ActiveRecord: 0.0ms | Allocations: 2656)


Started GET "/about" for 127.0.0.1 at 2023-06-09 15:46:53 +0500
Processing by AboutController#index as HTML
  Rendering layout layouts/application.html.erb
  Rendering about/index.html.erb within layouts/application
  Rendered about/index.html.erb within layouts/application (Duration: 0.0ms | Allocations: 7)
  Rendered shared/_navbar.html.erb (Duration: 0.2ms | Allocations: 56)
  Rendered layout layouts/application.html.erb (Duration: 6.2ms | Allocations: 2394)
Completed 200 OK in 7ms (Views: 6.6ms | ActiveRecord: 0.0ms | Allocations: 2653)


Started GET "/" for 127.0.0.1 at 2023-06-09 15:46:53 +0500
Processing by MainController#index as HTML
  Rendering layout layouts/application.html.erb
  Rendering main/index.html.erb within layouts/application
  Rendered main/index.html.erb within layouts/application (Duration: 0.0ms | Allocations: 7)
  Rendered shared/_navbar.html.erb (Duration: 0.1ms | Allocations: 56)
  Rendered layout layouts/application.html.erb (Duration: 3.9ms | Allocations: 2382)
Completed 200 OK in 5ms (Views: 4.3ms | ActiveRecord: 0.0ms | Allocations: 2641)


Started GET "/" for 127.0.0.1 at 2023-06-09 15:48:39 +0500
Processing by MainController#index as HTML
  Rendering layout layouts/application.html.erb
  Rendering main/index.html.erb within layouts/application
  Rendered main/index.html.erb within layouts/application (Duration: 0.5ms | Allocations: 115)
  Rendered shared/_navbar.html.erb (Duration: 0.9ms | Allocations: 1226)
  Rendered layout layouts/application.html.erb (Duration: 6.9ms | Allocations: 4037)
Completed 500 Internal Server Error in 10ms (ActiveRecord: 0.0ms | Allocations: 4827)


  
ActionView::Template::Error (undefined local variable or method `home_path' for #<ActionView::Base:0x0000000000af50>):
     7:     <div class="collapse navbar-collapse" id="navbarNavAltMarkup">
     8:       <div class="navbar-nav">
     9:         <a class="nav-link active" aria-current="page" href="/">Home</a>
    10:         <%= link_to 'Home', home_path, class:'nav-link active', aria_current:'page' %>
    11:         <%= link_to 'About', about_path, class:'nav-link' %>
    12:       </div>
    13:     </div>
  
app/views/shared/_navbar.html.erb:10
app/views/layouts/application.html.erb:15
Started GET "/" for 127.0.0.1 at 2023-06-09 15:48:39 +0500
Processing by MainController#index as HTML
  Rendering layout layouts/application.html.erb
  Rendering main/index.html.erb within layouts/application
  Rendered main/index.html.erb within layouts/application (Duration: 0.0ms | Allocations: 7)
  Rendered shared/_navbar.html.erb (Duration: 0.5ms | Allocations: 1053)
  Rendered layout layouts/application.html.erb (Duration: 4.5ms | Allocations: 3408)
Completed 500 Internal Server Error in 6ms (ActiveRecord: 0.0ms | Allocations: 3642)


  
ActionView::Template::Error (undefined local variable or method `home_path' for #<ActionView::Base:0x0000000000b220>):
     7:     <div class="collapse navbar-collapse" id="navbarNavAltMarkup">
     8:       <div class="navbar-nav">
     9:         <a class="nav-link active" aria-current="page" href="/">Home</a>
    10:         <%= link_to 'Home', home_path, class:'nav-link active', aria_current:'page' %>
    11:         <%= link_to 'About', about_path, class:'nav-link' %>
    12:       </div>
    13:     </div>
  
app/views/shared/_navbar.html.erb:10
app/views/layouts/application.html.erb:15
Started GET "/" for 127.0.0.1 at 2023-06-09 15:50:10 +0500
Processing by MainController#index as HTML
  Rendering layout layouts/application.html.erb
  Rendering main/index.html.erb within layouts/application
  Rendered main/index.html.erb within layouts/application (Duration: 0.7ms | Allocations: 115)
  Rendered shared/_navbar.html.erb (Duration: 1.2ms | Allocations: 1209)
  Rendered layout layouts/application.html.erb (Duration: 8.1ms | Allocations: 4034)
Completed 500 Internal Server Error in 12ms (ActiveRecord: 0.0ms | Allocations: 4819)


  
ActionView::Template::Error (undefined local variable or method `root_path' for #<ActionView::Base:0x0000000000b5b8>):
     7:     <div class="collapse navbar-collapse" id="navbarNavAltMarkup">
     8:       <div class="navbar-nav">
     9:         <a class="nav-link active" aria-current="page" href="/">Home</a>
    10:         <%= link_to 'Home', root_path, class:'nav-link active', aria_current:'page' %>
    11:         <%= link_to 'About', about_path, class:'nav-link' %>
    12:       </div>
    13:     </div>
  
app/views/shared/_navbar.html.erb:10
app/views/layouts/application.html.erb:15
Started GET "/" for 127.0.0.1 at 2023-06-09 15:50:11 +0500
Processing by MainController#index as HTML
  Rendering layout layouts/application.html.erb
  Rendering main/index.html.erb within layouts/application
  Rendered main/index.html.erb within layouts/application (Duration: 0.0ms | Allocations: 7)
  Rendered shared/_navbar.html.erb (Duration: 0.4ms | Allocations: 1051)
  Rendered layout layouts/application.html.erb (Duration: 4.5ms | Allocations: 3406)
Completed 500 Internal Server Error in 6ms (ActiveRecord: 0.0ms | Allocations: 3640)


  
ActionView::Template::Error (undefined local variable or method `root_path' for #<ActionView::Base:0x0000000000b888>):
     7:     <div class="collapse navbar-collapse" id="navbarNavAltMarkup">
     8:       <div class="navbar-nav">
     9:         <a class="nav-link active" aria-current="page" href="/">Home</a>
    10:         <%= link_to 'Home', root_path, class:'nav-link active', aria_current:'page' %>
    11:         <%= link_to 'About', about_path, class:'nav-link' %>
    12:       </div>
    13:     </div>
  
app/views/shared/_navbar.html.erb:10
app/views/layouts/application.html.erb:15
Started GET "/" for 127.0.0.1 at 2023-06-09 15:50:36 +0500
Processing by MainController#index as HTML
  Rendering layout layouts/application.html.erb
  Rendering main/index.html.erb within layouts/application
  Rendered main/index.html.erb within layouts/application (Duration: 0.6ms | Allocations: 115)
  Rendered shared/_navbar.html.erb (Duration: 0.8ms | Allocations: 1205)
  Rendered layout layouts/application.html.erb (Duration: 6.4ms | Allocations: 4029)
Completed 500 Internal Server Error in 10ms (ActiveRecord: 0.0ms | Allocations: 4812)


  
ActionView::Template::Error (undefined local variable or method `root_path' for #<ActionView::Base:0x0000000000bbf8>):
     7:     <div class="collapse navbar-collapse" id="navbarNavAltMarkup">
     8:       <div class="navbar-nav">
     9:         <a class="nav-link active" aria-current="page" href="/">Home</a>
    10:         <%= link_to 'Home', root_path, class:'nav-link active' %>
    11:         <%= link_to 'About', about_path, class:'nav-link' %>
    12:       </div>
    13:     </div>
  
app/views/shared/_navbar.html.erb:10
app/views/layouts/application.html.erb:15
Started GET "/" for 127.0.0.1 at 2023-06-09 15:50:37 +0500
Processing by MainController#index as HTML
  Rendering layout layouts/application.html.erb
  Rendering main/index.html.erb within layouts/application
  Rendered main/index.html.erb within layouts/application (Duration: 0.0ms | Allocations: 7)
  Rendered shared/_navbar.html.erb (Duration: 0.4ms | Allocations: 1054)
  Rendered layout layouts/application.html.erb (Duration: 4.4ms | Allocations: 3409)
Completed 500 Internal Server Error in 6ms (ActiveRecord: 0.0ms | Allocations: 3643)


  
ActionView::Template::Error (undefined local variable or method `root_path' for #<ActionView::Base:0x0000000000bec8>):
     7:     <div class="collapse navbar-collapse" id="navbarNavAltMarkup">
     8:       <div class="navbar-nav">
     9:         <a class="nav-link active" aria-current="page" href="/">Home</a>
    10:         <%= link_to 'Home', root_path, class:'nav-link active' %>
    11:         <%= link_to 'About', about_path, class:'nav-link' %>
    12:       </div>
    13:     </div>
  
app/views/shared/_navbar.html.erb:10
app/views/layouts/application.html.erb:15
Started GET "/" for 127.0.0.1 at 2023-06-09 15:50:45 +0500
Processing by MainController#index as HTML
  Rendering layout layouts/application.html.erb
  Rendering main/index.html.erb within layouts/application
  Rendered main/index.html.erb within layouts/application (Duration: 0.6ms | Allocations: 115)
  Rendered shared/_navbar.html.erb (Duration: 1.0ms | Allocations: 1205)
  Rendered layout layouts/application.html.erb (Duration: 6.7ms | Allocations: 4029)
Completed 500 Internal Server Error in 11ms (ActiveRecord: 0.0ms | Allocations: 4812)


  
ActionView::Template::Error (undefined local variable or method `root_path' for #<ActionView::Base:0x0000000000c210>):
     7:     <div class="collapse navbar-collapse" id="navbarNavAltMarkup">
     8:       <div class="navbar-nav">
     9:         <a class="nav-link active" aria-current="page" href="/">Home</a>
    10:         <%= link_to 'Home', root_path, class:'nav-link' %>
    11:         <%= link_to 'About', about_path, class:'nav-link' %>
    12:       </div>
    13:     </div>
  
app/views/shared/_navbar.html.erb:10
app/views/layouts/application.html.erb:15
Started GET "/" for 127.0.0.1 at 2023-06-09 15:50:45 +0500
Processing by MainController#index as HTML
  Rendering layout layouts/application.html.erb
  Rendering main/index.html.erb within layouts/application
  Rendered main/index.html.erb within layouts/application (Duration: 0.0ms | Allocations: 7)
  Rendered shared/_navbar.html.erb (Duration: 0.4ms | Allocations: 1051)
  Rendered layout layouts/application.html.erb (Duration: 4.9ms | Allocations: 3406)
Completed 500 Internal Server Error in 7ms (ActiveRecord: 0.0ms | Allocations: 3640)


  
ActionView::Template::Error (undefined local variable or method `root_path' for #<ActionView::Base:0x0000000000c4e0>):
     7:     <div class="collapse navbar-collapse" id="navbarNavAltMarkup">
     8:       <div class="navbar-nav">
     9:         <a class="nav-link active" aria-current="page" href="/">Home</a>
    10:         <%= link_to 'Home', root_path, class:'nav-link' %>
    11:         <%= link_to 'About', about_path, class:'nav-link' %>
    12:       </div>
    13:     </div>
  
app/views/shared/_navbar.html.erb:10
app/views/layouts/application.html.erb:15
Started GET "/" for 127.0.0.1 at 2023-06-09 15:51:16 +0500
Processing by MainController#index as HTML
  Rendering layout layouts/application.html.erb
  Rendering main/index.html.erb within layouts/application
  Rendered main/index.html.erb within layouts/application (Duration: 0.5ms | Allocations: 115)
  Rendered shared/_navbar.html.erb (Duration: 0.9ms | Allocations: 1208)
  Rendered layout layouts/application.html.erb (Duration: 8.4ms | Allocations: 4032)
Completed 500 Internal Server Error in 12ms (ActiveRecord: 0.0ms | Allocations: 4815)


  
ActionView::Template::Error (undefined local variable or method `root_path' for #<ActionView::Base:0x0000000000c878>):
     6:     </button>
     7:     <div class="collapse navbar-collapse" id="navbarNavAltMarkup">
     8:       <div class="navbar-nav">
     9:         <%= link_to 'Home', root_path, class:'nav-link' %>
    10:         <%= link_to 'About', about_path, class:'nav-link' %>
    11:       </div>
    12:     </div>
  
app/views/shared/_navbar.html.erb:9
app/views/layouts/application.html.erb:15
Started GET "/" for 127.0.0.1 at 2023-06-09 15:51:16 +0500
Processing by MainController#index as HTML
  Rendering layout layouts/application.html.erb
  Rendering main/index.html.erb within layouts/application
  Rendered main/index.html.erb within layouts/application (Duration: 0.0ms | Allocations: 7)
  Rendered shared/_navbar.html.erb (Duration: 0.4ms | Allocations: 1051)
  Rendered layout layouts/application.html.erb (Duration: 4.8ms | Allocations: 3406)
Completed 500 Internal Server Error in 6ms (ActiveRecord: 0.0ms | Allocations: 3640)


  
ActionView::Template::Error (undefined local variable or method `root_path' for #<ActionView::Base:0x0000000000cb48>):
     6:     </button>
     7:     <div class="collapse navbar-collapse" id="navbarNavAltMarkup">
     8:       <div class="navbar-nav">
     9:         <%= link_to 'Home', root_path, class:'nav-link' %>
    10:         <%= link_to 'About', about_path, class:'nav-link' %>
    11:       </div>
    12:     </div>
  
app/views/shared/_navbar.html.erb:9
app/views/layouts/application.html.erb:15
Started GET "/" for 127.0.0.1 at 2023-06-09 15:51:17 +0500
Processing by MainController#index as HTML
  Rendering layout layouts/application.html.erb
  Rendering main/index.html.erb within layouts/application
  Rendered main/index.html.erb within layouts/application (Duration: 0.0ms | Allocations: 7)
  Rendered shared/_navbar.html.erb (Duration: 0.4ms | Allocations: 1051)
  Rendered layout layouts/application.html.erb (Duration: 4.7ms | Allocations: 3406)
Completed 500 Internal Server Error in 6ms (ActiveRecord: 0.0ms | Allocations: 3639)


  
ActionView::Template::Error (undefined local variable or method `root_path' for #<ActionView::Base:0x0000000000ce18>):
     6:     </button>
     7:     <div class="collapse navbar-collapse" id="navbarNavAltMarkup">
     8:       <div class="navbar-nav">
     9:         <%= link_to 'Home', root_path, class:'nav-link' %>
    10:         <%= link_to 'About', about_path, class:'nav-link' %>
    11:       </div>
    12:     </div>
  
app/views/shared/_navbar.html.erb:9
app/views/layouts/application.html.erb:15
Started GET "/" for 127.0.0.1 at 2023-06-09 15:53:20 +0500
Processing by MainController#index as HTML
  Rendering layout layouts/application.html.erb
  Rendering main/index.html.erb within layouts/application
  Rendered main/index.html.erb within layouts/application (Duration: 0.8ms | Allocations: 116)
  Rendered shared/_navbar.html.erb (Duration: 1.1ms | Allocations: 1228)
  Rendered layout layouts/application.html.erb (Duration: 7.5ms | Allocations: 4053)
Completed 500 Internal Server Error in 11ms (Allocations: 4838)


  
ActionView::Template::Error (undefined local variable or method `root_path' for #<ActionView::Base:0x0000000000d1b0>):
    1: <nav class="navbar navbar-expand-lg bg-body-tertiary">
    2:   <div class="container-fluid">
    3:     <%= link_to 'Navbar', root_path, class:'navbar-brand' %>
    4:     <button class="navbar-toggler" type="button" data-bs-toggle="collapse" data-bs-target="#navbarNavAltMarkup" aria-controls="navbarNavAltMarkup" aria-expanded="false" aria-label="Toggle navigation">
    5:       <span class="navbar-toggler-icon"></span>
    6:     </button>
  
app/views/shared/_navbar.html.erb:3
app/views/layouts/application.html.erb:15
Started GET "/" for 127.0.0.1 at 2023-06-09 15:53:21 +0500
Processing by MainController#index as HTML
  Rendering layout layouts/application.html.erb
  Rendering main/index.html.erb within layouts/application
  Rendered main/index.html.erb within layouts/application (Duration: 0.0ms | Allocations: 7)
  Rendered shared/_navbar.html.erb (Duration: 0.4ms | Allocations: 1051)
  Rendered layout layouts/application.html.erb (Duration: 4.4ms | Allocations: 3406)
Completed 500 Internal Server Error in 6ms (Allocations: 3640)


  
ActionView::Template::Error (undefined local variable or method `root_path' for #<ActionView::Base:0x0000000000d480>):
    1: <nav class="navbar navbar-expand-lg bg-body-tertiary">
    2:   <div class="container-fluid">
    3:     <%= link_to 'Navbar', root_path, class:'navbar-brand' %>
    4:     <button class="navbar-toggler" type="button" data-bs-toggle="collapse" data-bs-target="#navbarNavAltMarkup" aria-controls="navbarNavAltMarkup" aria-expanded="false" aria-label="Toggle navigation">
    5:       <span class="navbar-toggler-icon"></span>
    6:     </button>
  
app/views/shared/_navbar.html.erb:3
app/views/layouts/application.html.erb:15
Started GET "/" for 127.0.0.1 at 2023-06-09 15:54:01 +0500
  
ArgumentError (wrong number of arguments (given 0, expected 1..2)):
  
config/routes.rb:4:in `block in <main>'
config/routes.rb:1:in `<main>'
Started GET "/" for 127.0.0.1 at 2023-06-09 15:54:01 +0500
  
ActionController::RoutingError (No route matches [GET] "/"):
  
Started GET "/" for 127.0.0.1 at 2023-06-09 15:54:02 +0500
  
ActionController::RoutingError (No route matches [GET] "/"):
  
Started GET "/" for 127.0.0.1 at 2023-06-09 15:54:28 +0500
  
SyntaxError (/Users/syed.faheem/Desktop/ruby-on-rails-course/scheduled-tweets/config/routes.rb:4: syntax error, unexpected label, expecting '='
  root, to:'main#index'
        ^~~
):
  
config/routes.rb:4: syntax error, unexpected label, expecting '='
config/routes.rb:4: syntax error, unexpected label, expecting '='
config/routes.rb:4: syntax error, unexpected label, expecting '='
Started GET "/" for 127.0.0.1 at 2023-06-09 15:54:29 +0500
  
ActionController::RoutingError (No route matches [GET] "/"):
  
Started GET "/" for 127.0.0.1 at 2023-06-09 15:54:30 +0500
  
ActionController::RoutingError (No route matches [GET] "/"):
  
Started GET "/" for 127.0.0.1 at 2023-06-09 15:55:01 +0500
Processing by MainController#index as HTML
  Rendering layout layouts/application.html.erb
  Rendering main/index.html.erb within layouts/application
  Rendered main/index.html.erb within layouts/application (Duration: 0.0ms | Allocations: 10)
  Rendered shared/_navbar.html.erb (Duration: 0.2ms | Allocations: 156)
  Rendered layout layouts/application.html.erb (Duration: 16.2ms | Allocations: 13312)
Completed 200 OK in 18ms (Views: 17.2ms | Allocations: 13829)


Started GET "/" for 127.0.0.1 at 2023-06-09 15:55:02 +0500
Processing by MainController#index as HTML
  Rendering layout layouts/application.html.erb
  Rendering main/index.html.erb within layouts/application
  Rendered main/index.html.erb within layouts/application (Duration: 0.0ms | Allocations: 7)
  Rendered shared/_navbar.html.erb (Duration: 0.2ms | Allocations: 128)
  Rendered layout layouts/application.html.erb (Duration: 5.2ms | Allocations: 2445)
Completed 200 OK in 6ms (Views: 5.8ms | Allocations: 2703)


Started GET "/about" for 127.0.0.1 at 2023-06-09 15:55:03 +0500
Processing by AboutController#index as HTML
  Rendering layout layouts/application.html.erb
  Rendering about/index.html.erb within layouts/application
  Rendered about/index.html.erb within layouts/application (Duration: 0.6ms | Allocations: 102)
  Rendered shared/_navbar.html.erb (Duration: 0.2ms | Allocations: 155)
  Rendered layout layouts/application.html.erb (Duration: 4.6ms | Allocations: 2673)
Completed 200 OK in 7ms (Views: 6.5ms | Allocations: 3309)


Started GET "/" for 127.0.0.1 at 2023-06-09 15:55:03 +0500
Processing by MainController#index as HTML
  Rendering layout layouts/application.html.erb
  Rendering main/index.html.erb within layouts/application
  Rendered main/index.html.erb within layouts/application (Duration: 0.0ms | Allocations: 7)
  Rendered shared/_navbar.html.erb (Duration: 0.2ms | Allocations: 128)
  Rendered layout layouts/application.html.erb (Duration: 5.2ms | Allocations: 2448)
Completed 200 OK in 7ms (Views: 5.7ms | Allocations: 2707)


Started GET "/" for 127.0.0.1 at 2023-06-09 15:55:04 +0500
Processing by MainController#index as HTML
  Rendering layout layouts/application.html.erb
  Rendering main/index.html.erb within layouts/application
  Rendered main/index.html.erb within layouts/application (Duration: 0.1ms | Allocations: 7)
  Rendered shared/_navbar.html.erb (Duration: 0.2ms | Allocations: 128)
  Rendered layout layouts/application.html.erb (Duration: 5.0ms | Allocations: 2448)
Completed 200 OK in 6ms (Views: 5.5ms | Allocations: 2706)


Started GET "/about" for 127.0.0.1 at 2023-06-09 15:55:05 +0500
Processing by AboutController#index as HTML
  Rendering layout layouts/application.html.erb
  Rendering about/index.html.erb within layouts/application
  Rendered about/index.html.erb within layouts/application (Duration: 0.0ms | Allocations: 7)
  Rendered shared/_navbar.html.erb (Duration: 0.2ms | Allocations: 128)
  Rendered layout layouts/application.html.erb (Duration: 5.2ms | Allocations: 2454)
Completed 200 OK in 6ms (Views: 5.7ms | Allocations: 2712)


Started GET "/" for 127.0.0.1 at 2023-06-09 15:55:05 +0500
Processing by MainController#index as HTML
  Rendering layout layouts/application.html.erb
  Rendering main/index.html.erb within layouts/application
  Rendered main/index.html.erb within layouts/application (Duration: 0.0ms | Allocations: 7)
  Rendered shared/_navbar.html.erb (Duration: 0.2ms | Allocations: 128)
  Rendered layout layouts/application.html.erb (Duration: 5.1ms | Allocations: 2451)
Completed 200 OK in 6ms (Views: 5.6ms | Allocations: 2709)


Started GET "/" for 127.0.0.1 at 2023-06-09 16:04:50 +0500
Processing by MainController#index as HTML
  Rendering layout layouts/application.html.erb
  Rendering main/index.html.erb within layouts/application
  Rendered main/index.html.erb within layouts/application (Duration: 0.0ms | Allocations: 10)
  Rendered shared/_navbar.html.erb (Duration: 0.2ms | Allocations: 156)
  Rendered layout layouts/application.html.erb (Duration: 17.9ms | Allocations: 13317)
Completed 200 OK in 19ms (Views: 18.7ms | Allocations: 13836)


Started GET "/about-us" for 127.0.0.1 at 2023-06-09 16:04:51 +0500
Processing by AboutController#index as HTML
  Rendering layout layouts/application.html.erb
  Rendering about/index.html.erb within layouts/application
  Rendered about/index.html.erb within layouts/application (Duration: 0.0ms | Allocations: 10)
  Rendered shared/_navbar.html.erb (Duration: 0.2ms | Allocations: 155)
  Rendered layout layouts/application.html.erb (Duration: 3.9ms | Allocations: 2581)
Completed 200 OK in 5ms (Views: 4.7ms | Allocations: 3094)


Started GET "/" for 127.0.0.1 at 2023-06-09 16:04:52 +0500
Processing by MainController#index as HTML
  Rendering layout layouts/application.html.erb
  Rendering main/index.html.erb within layouts/application
  Rendered main/index.html.erb within layouts/application (Duration: 0.0ms | Allocations: 7)
  Rendered shared/_navbar.html.erb (Duration: 0.2ms | Allocations: 128)
  Rendered layout layouts/application.html.erb (Duration: 4.2ms | Allocations: 2472)
Completed 200 OK in 5ms (Views: 4.7ms | Allocations: 2732)


Started GET "/" for 127.0.0.1 at 2023-06-09 16:04:53 +0500
Processing by MainController#index as HTML
  Rendering layout layouts/application.html.erb
  Rendering main/index.html.erb within layouts/application
  Rendered main/index.html.erb within layouts/application (Duration: 0.0ms | Allocations: 7)
  Rendered shared/_navbar.html.erb (Duration: 0.2ms | Allocations: 128)
  Rendered layout layouts/application.html.erb (Duration: 4.5ms | Allocations: 2475)
Completed 200 OK in 5ms (Views: 4.8ms | Allocations: 2734)


Started GET "/" for 127.0.0.1 at 2023-06-09 16:05:14 +0500
Processing by MainController#index as HTML
  Rendering layout layouts/application.html.erb
  Rendering main/index.html.erb within layouts/application
  Rendered main/index.html.erb within layouts/application (Duration: 0.0ms | Allocations: 10)
  Rendered shared/_navbar.html.erb (Duration: 0.5ms | Allocations: 1108)
  Rendered layout layouts/application.html.erb (Duration: 9.8ms | Allocations: 14164)
Completed 500 Internal Server Error in 11ms (Allocations: 14656)


  
ActionView::Template::Error (undefined local variable or method `about_path' for #<ActionView::Base:0x00000000019e38>):
     7:     <div class="collapse navbar-collapse" id="navbarNavAltMarkup">
     8:       <div class="navbar-nav">
     9:         <%= link_to 'Home', root_path, class:'nav-link' %>
    10:         <%= link_to 'About', about_path, class:'nav-link' %>
    11:       </div>
    12:     </div>
    13:   </div>
  
app/views/shared/_navbar.html.erb:10
app/views/layouts/application.html.erb:15
Started GET "/" for 127.0.0.1 at 2023-06-09 16:13:18 +0500
Processing by MainController#index as HTML
  Rendering layout layouts/application.html.erb
  Rendering main/index.html.erb within layouts/application
  Rendered main/index.html.erb within layouts/application (Duration: 0.0ms | Allocations: 10)
  Rendered shared/_navbar.html.erb (Duration: 0.2ms | Allocations: 156)
  Rendered layout layouts/application.html.erb (Duration: 14.5ms | Allocations: 13309)
Completed 200 OK in 16ms (Views: 15.2ms | Allocations: 13826)


  [1m[35m (3.1ms)[0m  [1m[35mCREATE TABLE "schema_migrations" ("version" varchar NOT NULL PRIMARY KEY)[0m
  [1m[35m (0.9ms)[0m  [1m[35mCREATE TABLE "ar_internal_metadata" ("key" varchar NOT NULL PRIMARY KEY, "value" varchar, "created_at" datetime(6) NOT NULL, "updated_at" datetime(6) NOT NULL)[0m
  [1m[36mActiveRecord::SchemaMigration Pluck (0.3ms)[0m  [1m[34mSELECT "schema_migrations"."version" FROM "schema_migrations" ORDER BY "schema_migrations"."version" ASC[0m
Migrating to CreateUsers (20230609111659)
  [1m[36mTRANSACTION (0.1ms)[0m  [1m[36mbegin transaction[0m
  [1m[35m (0.4ms)[0m  [1m[35mCREATE TABLE "users" ("id" integer PRIMARY KEY AUTOINCREMENT NOT NULL, "email" varchar, "password_digest" varchar, "created_at" datetime(6) NOT NULL, "updated_at" datetime(6) NOT NULL)[0m
  [1m[36mActiveRecord::SchemaMigration Create (0.6ms)[0m  [1m[32mINSERT INTO "schema_migrations" ("version") VALUES (?)[0m  [["version", "20230609111659"]]
  [1m[36mTRANSACTION (0.6ms)[0m  [1m[36mcommit transaction[0m
  [1m[36mActiveRecord::InternalMetadata Load (1.3ms)[0m  [1m[34mSELECT "ar_internal_metadata".* FROM "ar_internal_metadata" WHERE "ar_internal_metadata"."key" = ? LIMIT ?[0m  [["key", "environment"], ["LIMIT", 1]]
  [1m[36mTRANSACTION (0.1ms)[0m  [1m[36mbegin transaction[0m
  [1m[36mActiveRecord::InternalMetadata Create (0.4ms)[0m  [1m[32mINSERT INTO "ar_internal_metadata" ("key", "value", "created_at", "updated_at") VALUES (?, ?, ?, ?)[0m  [["key", "environment"], ["value", "development"], ["created_at", "2023-06-09 11:17:18.799903"], ["updated_at", "2023-06-09 11:17:18.799903"]]
  [1m[36mTRANSACTION (0.6ms)[0m  [1m[36mcommit transaction[0m
  [1m[36mActiveRecord::SchemaMigration Pluck (0.1ms)[0m  [1m[34mSELECT "schema_migrations"."version" FROM "schema_migrations" ORDER BY "schema_migrations"."version" ASC[0m
  [1m[36mUser Load (0.4ms)[0m  [1m[34mSELECT "users".* FROM "users"[0m
  [1m[36mTRANSACTION (0.0ms)[0m  [1m[36mbegin transaction[0m
  [1m[36mUser Create (1.7ms)[0m  [1m[32mINSERT INTO "users" ("email", "password_digest", "created_at", "updated_at") VALUES (?, ?, ?, ?)[0m  [["email", "syed.faheem@gomotive.com"], ["password_digest", "[FILTERED]"], ["created_at", "2023-06-09 12:08:00.120186"], ["updated_at", "2023-06-09 12:08:00.120186"]]
  [1m[36mTRANSACTION (0.9ms)[0m  [1m[36mcommit transaction[0m
  [1m[36mUser Load (0.2ms)[0m  [1m[34mSELECT "users".* FROM "users"[0m
  [1m[36mUser Load (0.2ms)[0m  [1m[34mSELECT "users".* FROM "users" ORDER BY "users"."id" ASC LIMIT ?[0m  [["LIMIT", 1]]
  [1m[36mUser Load (0.2ms)[0m  [1m[34mSELECT "users".* FROM "users" ORDER BY "users"."id" DESC LIMIT ?[0m  [["LIMIT", 1]]
Started GET "/" for 127.0.0.1 at 2023-06-09 17:20:17 +0500
  [1m[36mActiveRecord::SchemaMigration Pluck (0.5ms)[0m  [1m[34mSELECT "schema_migrations"."version" FROM "schema_migrations" ORDER BY "schema_migrations"."version" ASC[0m
Processing by MainController#index as HTML
  Rendering layout layouts/application.html.erb
  Rendering main/index.html.erb within layouts/application
  Rendered main/index.html.erb within layouts/application (Duration: 0.1ms | Allocations: 11)
  Rendered shared/_navbar.html.erb (Duration: 0.6ms | Allocations: 157)
  Rendered layout layouts/application.html.erb (Duration: 27.2ms | Allocations: 13240)
Completed 200 OK in 31ms (Views: 29.3ms | ActiveRecord: 0.0ms | Allocations: 13766)


Started GET "/" for 127.0.0.1 at 2023-06-09 17:20:18 +0500
Processing by MainController#index as HTML
  Rendering layout layouts/application.html.erb
  Rendering main/index.html.erb within layouts/application
  Rendered main/index.html.erb within layouts/application (Duration: 0.0ms | Allocations: 7)
  Rendered shared/_navbar.html.erb (Duration: 0.1ms | Allocations: 128)
  Rendered layout layouts/application.html.erb (Duration: 3.0ms | Allocations: 2466)
Completed 200 OK in 4ms (Views: 3.3ms | ActiveRecord: 0.0ms | Allocations: 2722)


Started GET "/" for 127.0.0.1 at 2023-06-09 17:20:19 +0500
Processing by MainController#index as HTML
  Rendering layout layouts/application.html.erb
  Rendering main/index.html.erb within layouts/application
  Rendered main/index.html.erb within layouts/application (Duration: 0.1ms | Allocations: 7)
  Rendered shared/_navbar.html.erb (Duration: 0.1ms | Allocations: 128)
  Rendered layout layouts/application.html.erb (Duration: 3.3ms | Allocations: 2448)
Completed 200 OK in 4ms (Views: 3.6ms | ActiveRecord: 0.0ms | Allocations: 2706)


Started GET "/" for 127.0.0.1 at 2023-06-09 17:20:20 +0500
Processing by MainController#index as HTML
  Rendering layout layouts/application.html.erb
  Rendering main/index.html.erb within layouts/application
  Rendered main/index.html.erb within layouts/application (Duration: 0.0ms | Allocations: 7)
  Rendered shared/_navbar.html.erb (Duration: 0.3ms | Allocations: 128)
  Rendered layout layouts/application.html.erb (Duration: 4.0ms | Allocations: 2454)
Completed 200 OK in 5ms (Views: 4.5ms | ActiveRecord: 0.0ms | Allocations: 2712)


Started GET "/about" for 127.0.0.1 at 2023-06-09 17:20:21 +0500
Processing by AboutController#index as HTML
  Rendering layout layouts/application.html.erb
  Rendering about/index.html.erb within layouts/application
  Rendered about/index.html.erb within layouts/application (Duration: 0.0ms | Allocations: 10)
  Rendered shared/_navbar.html.erb (Duration: 2.6ms | Allocations: 155)
  Rendered layout layouts/application.html.erb (Duration: 42.6ms | Allocations: 2590)
Completed 200 OK in 63ms (Views: 62.5ms | ActiveRecord: 0.0ms | Allocations: 3107)


Started GET "/" for 127.0.0.1 at 2023-06-09 17:20:22 +0500
Processing by MainController#index as HTML
  Rendering layout layouts/application.html.erb
  Rendering main/index.html.erb within layouts/application
  Rendered main/index.html.erb within layouts/application (Duration: 0.0ms | Allocations: 7)
  Rendered shared/_navbar.html.erb (Duration: 0.2ms | Allocations: 128)
  Rendered layout layouts/application.html.erb (Duration: 4.7ms | Allocations: 2469)
Completed 200 OK in 6ms (Views: 5.2ms | ActiveRecord: 0.0ms | Allocations: 2729)


Started GET "/" for 127.0.0.1 at 2023-06-09 17:20:23 +0500
Processing by MainController#index as HTML
  Rendering layout layouts/application.html.erb
  Rendering main/index.html.erb within layouts/application
  Rendered main/index.html.erb within layouts/application (Duration: 0.0ms | Allocations: 7)
  Rendered shared/_navbar.html.erb (Duration: 0.2ms | Allocations: 128)
  Rendered layout layouts/application.html.erb (Duration: 3.9ms | Allocations: 2450)
Completed 200 OK in 6ms (Views: 5.5ms | ActiveRecord: 0.0ms | Allocations: 2709)


Started GET "/about" for 127.0.0.1 at 2023-06-09 17:20:24 +0500
Processing by AboutController#index as HTML
  Rendering layout layouts/application.html.erb
  Rendering about/index.html.erb within layouts/application
  Rendered about/index.html.erb within layouts/application (Duration: 0.1ms | Allocations: 7)
  Rendered shared/_navbar.html.erb (Duration: 0.2ms | Allocations: 128)
  Rendered layout layouts/application.html.erb (Duration: 7.1ms | Allocations: 2451)
Completed 200 OK in 9ms (Views: 7.6ms | ActiveRecord: 0.0ms | Allocations: 2711)


Started GET "/" for 127.0.0.1 at 2023-06-09 19:05:20 +0500
  [1m[36mActiveRecord::SchemaMigration Pluck (0.4ms)[0m  [1m[34mSELECT "schema_migrations"."version" FROM "schema_migrations" ORDER BY "schema_migrations"."version" ASC[0m
Processing by MainController#index as HTML
  Rendering layout layouts/application.html.erb
  Rendering main/index.html.erb within layouts/application
  Rendered main/index.html.erb within layouts/application (Duration: 0.0ms | Allocations: 10)
  Rendered shared/_navbar.html.erb (Duration: 0.2ms | Allocations: 156)
  Rendered layout layouts/application.html.erb (Duration: 21.4ms | Allocations: 13301)
Completed 200 OK in 23ms (Views: 22.2ms | ActiveRecord: 0.0ms | Allocations: 13824)


Started GET "/about" for 127.0.0.1 at 2023-06-09 19:05:21 +0500
Processing by AboutController#index as HTML
  Rendering layout layouts/application.html.erb
  Rendering about/index.html.erb within layouts/application
  Rendered about/index.html.erb within layouts/application (Duration: 0.0ms | Allocations: 10)
  Rendered shared/_navbar.html.erb (Duration: 0.2ms | Allocations: 155)
  Rendered layout layouts/application.html.erb (Duration: 4.3ms | Allocations: 2575)
Completed 200 OK in 6ms (Views: 5.3ms | ActiveRecord: 0.0ms | Allocations: 3091)


